05/16/2016 12:14:11 PM dataProcessing.py goes a sleep for 0.5 sec
05/16/2016 12:14:11 PM dataProcessing.py is not running
05/16/2016 12:14:11 PM 6 Files found
05/16/2016 12:14:11 PM Processing CarrierData\Session_1_Carrier_1_Iteration_1.csv
05/16/2016 12:14:11 PM Loading DataFrame into Database...
05/16/2016 12:14:11 PM Loading DataFrame into Database...
05/16/2016 12:14:11 PM Processing CarrierData\Session_1_Carrier_1_Iteration_2.csv
05/16/2016 12:14:11 PM Loading DataFrame into Database...
05/16/2016 12:14:11 PM Loading DataFrame into Database...
05/16/2016 12:14:11 PM Processing CarrierData\Session_1_Carrier_2_Iteration_1.csv
05/16/2016 12:14:11 PM Loading DataFrame into Database...
05/16/2016 12:14:11 PM Loading DataFrame into Database...
05/16/2016 12:14:11 PM Processing CarrierData\Session_1_Carrier_2_Iteration_2.csv
05/16/2016 12:14:11 PM Loading DataFrame into Database...
05/16/2016 12:14:11 PM Loading DataFrame into Database...
05/16/2016 12:14:11 PM Processing CarrierData\Session_1_Carrier_3_Iteration_1.csv
05/16/2016 12:14:11 PM Loading DataFrame into Database...
05/16/2016 12:14:11 PM Loading DataFrame into Database...
05/16/2016 12:14:11 PM Processing CarrierData\Session_1_Carrier_3_Iteration_2.csv
05/16/2016 12:14:11 PM Loading DataFrame into Database...
05/16/2016 12:14:11 PM Loading DataFrame into Database...
05/16/2016 12:14:11 PM manipulateData.py: Shut down
